# JRE version: OpenJDK Runtime Environment (17.0.7) (build 17.0.7+0-b2043.56-10550314)
# Java VM: OpenJDK 64-Bit Server VM (17.0.7+0-b2043.56-10550314, mixed mode, tiered, compressed oops, compressed class ptrs, g1 gc, windows-amd64)
GC Precious Log:
 CPUs: 16 total, 16 available
 Memory: 15791M
 Large Page Support: Disabled
 NUMA Support: Disabled
 Compressed Oops: Enabled (32-bit)
 Heap Region Size: 1M
 Heap Min Capacity: 8M
 Heap Initial Capacity: 248M
 Heap Max Capacity: 2G
 Pre-touch: Disabled
 Parallel Workers: 13
 Concurrent Workers: 3
 Concurrent Refinement Workers: 13
 Periodic GC: Disabled
Heap:
 garbage-first heap   total 253952K, used 180510K [0x0000000080000000, 0x0000000100000000)
  region size 1024K, 4 young (4096K), 1 survivors (1024K)
 Metaspace       used 123652K, committed 124608K, reserved 1179648K
  class space    used 17204K, committed 17664K, reserved 1048576K
GC Heap History (20 events):
Event: 18.979 GC heap before
{Heap before GC invocations=43 (full 0):
 garbage-first heap   total 175104K, used 146670K [0x0000000080000000, 0x0000000100000000)
  region size 1024K, 35 young (35840K), 5 survivors (5120K)
 Metaspace       used 103958K, committed 104768K, reserved 1179648K
  class space    used 14342K, committed 14720K, reserved 1048576K
}
Event: 18.983 GC heap after
{Heap after GC invocations=44 (full 0):
 garbage-first heap   total 175104K, used 119090K [0x0000000080000000, 0x0000000100000000)
  region size 1024K, 3 young (3072K), 3 survivors (3072K)
 Metaspace       used 103958K, committed 104768K, reserved 1179648K
  class space    used 14342K, committed 14720K, reserved 1048576K
}
Event: 19.890 GC heap before
{Heap before GC invocations=44 (full 0):
 garbage-first heap   total 175104K, used 146738K [0x0000000080000000, 0x0000000100000000)
  region size 1024K, 31 young (31744K), 3 survivors (3072K)
 Metaspace       used 104455K, committed 105216K, reserved 1179648K
  class space    used 14419K, committed 14784K, reserved 1048576K
}
Event: 19.893 GC heap after
{Heap after GC invocations=45 (full 0):
 garbage-first heap   total 175104K, used 120161K [0x0000000080000000, 0x0000000100000000)
  region size 1024K, 4 young (4096K), 4 survivors (4096K)
 Metaspace       used 104455K, committed 105216K, reserved 1179648K
  class space    used 14419K, committed 14784K, reserved 1048576K
}
Event: 29.524 GC heap before
{Heap before GC invocations=45 (full 0):
 garbage-first heap   total 175104K, used 152929K [0x0000000080000000, 0x0000000100000000)
  region size 1024K, 32 young (32768K), 4 survivors (4096K)
 Metaspace       used 106279K, committed 107072K, reserved 1179648K
  class space    used 14627K, committed 14976K, reserved 1048576K
}
Event: 29.527 GC heap after
{Heap after GC invocations=46 (full 0):
 garbage-first heap   total 175104K, used 121659K [0x0000000080000000, 0x0000000100000000)
  region size 1024K, 3 young (3072K), 3 survivors (3072K)
 Metaspace       used 106279K, committed 107072K, reserved 1179648K
  class space    used 14627K, committed 14976K, reserved 1048576K
}
Event: 29.863 GC heap before
{Heap before GC invocations=46 (full 0):
 garbage-first heap   total 175104K, used 149307K [0x0000000080000000, 0x0000000100000000)
  region size 1024K, 31 young (31744K), 3 survivors (3072K)
 Metaspace       used 109459K, committed 110272K, reserved 1179648K
  class space    used 15076K, committed 15488K, reserved 1048576K
}
Event: 29.866 GC heap after
{Heap after GC invocations=47 (full 0):
 garbage-first heap   total 175104K, used 122800K [0x0000000080000000, 0x0000000100000000)
  region size 1024K, 3 young (3072K), 3 survivors (3072K)
 Metaspace       used 109459K, committed 110272K, reserved 1179648K
  class space    used 15076K, committed 15488K, reserved 1048576K
}
Event: 30.109 GC heap before
{Heap before GC invocations=47 (full 0):
 garbage-first heap   total 175104K, used 149424K [0x0000000080000000, 0x0000000100000000)
  region size 1024K, 30 young (30720K), 3 survivors (3072K)
 Metaspace       used 113422K, committed 114304K, reserved 1179648K
  class space    used 15630K, committed 16064K, reserved 1048576K
}
Event: 30.111 GC heap after
{Heap after GC invocations=48 (full 0):
 garbage-first heap   total 175104K, used 123402K [0x0000000080000000, 0x0000000100000000)
  region size 1024K, 2 young (2048K), 2 survivors (2048K)
 Metaspace       used 113422K, committed 114304K, reserved 1179648K
  class space    used 15630K, committed 16064K, reserved 1048576K
}
Event: 30.448 GC heap before
{Heap before GC invocations=48 (full 0):
 garbage-first heap   total 175104K, used 151050K [0x0000000080000000, 0x0000000100000000)
  region size 1024K, 30 young (30720K), 2 survivors (2048K)
 Metaspace       used 117865K, committed 118720K, reserved 1179648K
  class space    used 16355K, committed 16768K, reserved 1048576K
}
Event: 30.451 GC heap after
{Heap after GC invocations=49 (full 0):
 garbage-first heap   total 175104K, used 123913K [0x0000000080000000, 0x0000000100000000)
  region size 1024K, 3 young (3072K), 3 survivors (3072K)
 Metaspace       used 117865K, committed 118720K, reserved 1179648K
  class space    used 16355K, committed 16768K, reserved 1048576K
}
Event: 30.786 GC heap before
{Heap before GC invocations=49 (full 0):
 garbage-first heap   total 175104K, used 151561K [0x0000000080000000, 0x0000000100000000)
  region size 1024K, 30 young (30720K), 3 survivors (3072K)
 Metaspace       used 120927K, committed 121792K, reserved 1179648K
  class space    used 16845K, committed 17280K, reserved 1048576K
}
Event: 30.789 GC heap after
{Heap after GC invocations=50 (full 0):
 garbage-first heap   total 175104K, used 124538K [0x0000000080000000, 0x0000000100000000)
  region size 1024K, 2 young (2048K), 2 survivors (2048K)
 Metaspace       used 120927K, committed 121792K, reserved 1179648K
  class space    used 16845K, committed 17280K, reserved 1048576K
}
Event: 31.283 GC heap before
{Heap before GC invocations=50 (full 0):
 garbage-first heap   total 175104K, used 151162K [0x0000000080000000, 0x0000000100000000)
  region size 1024K, 29 young (29696K), 2 survivors (2048K)
 Metaspace       used 123456K, committed 124352K, reserved 1179648K
  class space    used 17196K, committed 17600K, reserved 1048576K
}
Event: 31.286 GC heap after
{Heap after GC invocations=51 (full 0):
 garbage-first heap   total 175104K, used 127036K [0x0000000080000000, 0x0000000100000000)
  region size 1024K, 4 young (4096K), 4 survivors (4096K)
 Metaspace       used 123456K, committed 124352K, reserved 1179648K
  class space    used 17196K, committed 17600K, reserved 1048576K
}
Event: 31.288 GC heap before
{Heap before GC invocations=51 (full 0):
 garbage-first heap   total 175104K, used 127036K [0x0000000080000000, 0x0000000100000000)
  region size 1024K, 5 young (5120K), 4 survivors (4096K)
 Metaspace       used 123477K, committed 124352K, reserved 1179648K
  class space    used 17198K, committed 17600K, reserved 1048576K
}
Event: 31.291 GC heap after
{Heap after GC invocations=52 (full 0):
 garbage-first heap   total 175104K, used 127735K [0x0000000080000000, 0x0000000100000000)
  region size 1024K, 1 young (1024K), 1 survivors (1024K)
 Metaspace       used 123477K, committed 124352K, reserved 1179648K
  class space    used 17198K, committed 17600K, reserved 1048576K
}
Event: 31.302 GC heap before
{Heap before GC invocations=52 (full 0):
 garbage-first heap   total 175104K, used 153335K [0x0000000080000000, 0x0000000100000000)
  region size 1024K, 2 young (2048K), 1 survivors (1024K)
 Metaspace       used 123510K, committed 124480K, reserved 1179648K
  class space    used 17202K, committed 17664K, reserved 1048576K
}
Event: 31.304 GC heap after
{Heap after GC invocations=53 (full 0):
 garbage-first heap   total 175104K, used 152862K [0x0000000080000000, 0x0000000100000000)
  region size 1024K, 1 young (1024K), 1 survivors (1024K)
 Metaspace       used 123510K, committed 124480K, reserved 1179648K
  class space    used 17202K, committed 17664K, reserved 1048576K
}

