# JRE version: OpenJDK Runtime Environment (17.0.7) (build 17.0.7+0-b2043.56-10550314)
# Java VM: OpenJDK 64-Bit Server VM (17.0.7+0-b2043.56-10550314, mixed mode, tiered, compressed oops, compressed class ptrs, g1 gc, windows-amd64)
GC Precious Log:
 CPUs: 16 total, 16 available
 Memory: 15791M
 Large Page Support: Disabled
 NUMA Support: Disabled
 Compressed Oops: Enabled (32-bit)
 Heap Region Size: 1M
 Heap Min Capacity: 8M
 Heap Initial Capacity: 248M
 Heap Max Capacity: 2G
 Pre-touch: Disabled
 Parallel Workers: 13
 Concurrent Workers: 3
 Concurrent Refinement Workers: 13
 Periodic GC: Disabled
Heap:
 garbage-first heap   total 318464K, used 147161K [0x0000000080000000, 0x0000000100000000)
  region size 1024K, 12 young (12288K), 12 survivors (12288K)
 Metaspace       used 127620K, committed 128640K, reserved 1179648K
  class space    used 17508K, committed 17984K, reserved 1048576K
GC Heap History (20 events):
Event: 698.800 GC heap after
{Heap after GC invocations=64 (full 0):
 garbage-first heap   total 318464K, used 119795K [0x0000000080000000, 0x0000000100000000)
  region size 1024K, 2 young (2048K), 2 survivors (2048K)
 Metaspace       used 101849K, committed 102656K, reserved 1179648K
  class space    used 14072K, committed 14464K, reserved 1048576K
}
Event: 709.159 GC heap before
{Heap before GC invocations=64 (full 0):
 garbage-first heap   total 318464K, used 242675K [0x0000000080000000, 0x0000000100000000)
  region size 1024K, 124 young (126976K), 2 survivors (2048K)
 Metaspace       used 107055K, committed 107904K, reserved 1179648K
  class space    used 14724K, committed 15168K, reserved 1048576K
}
Event: 709.167 GC heap after
{Heap after GC invocations=65 (full 0):
 garbage-first heap   total 318464K, used 131148K [0x0000000080000000, 0x0000000100000000)
  region size 1024K, 13 young (13312K), 13 survivors (13312K)
 Metaspace       used 107055K, committed 107904K, reserved 1179648K
  class space    used 14724K, committed 15168K, reserved 1048576K
}
Event: 710.819 GC heap before
{Heap before GC invocations=66 (full 0):
 garbage-first heap   total 318464K, used 258124K [0x0000000080000000, 0x0000000100000000)
  region size 1024K, 133 young (136192K), 13 survivors (13312K)
 Metaspace       used 123215K, committed 124096K, reserved 1179648K
  class space    used 17102K, committed 17536K, reserved 1048576K
}
Event: 710.827 GC heap after
{Heap after GC invocations=67 (full 0):
 garbage-first heap   total 318464K, used 134271K [0x0000000080000000, 0x0000000100000000)
  region size 1024K, 4 young (4096K), 4 survivors (4096K)
 Metaspace       used 123215K, committed 124096K, reserved 1179648K
  class space    used 17102K, committed 17536K, reserved 1048576K
}
Event: 710.971 GC heap before
{Heap before GC invocations=67 (full 0):
 garbage-first heap   total 318464K, used 144511K [0x0000000080000000, 0x0000000100000000)
  region size 1024K, 15 young (15360K), 4 survivors (4096K)
 Metaspace       used 123644K, committed 124544K, reserved 1179648K
  class space    used 17152K, committed 17600K, reserved 1048576K
}
Event: 710.979 GC heap after
{Heap after GC invocations=68 (full 0):
 garbage-first heap   total 318464K, used 132676K [0x0000000080000000, 0x0000000100000000)
  region size 1024K, 2 young (2048K), 2 survivors (2048K)
 Metaspace       used 123644K, committed 124544K, reserved 1179648K
  class space    used 17152K, committed 17600K, reserved 1048576K
}
Event: 711.228 GC heap before
{Heap before GC invocations=68 (full 0):
 garbage-first heap   total 318464K, used 145988K [0x0000000080000000, 0x0000000100000000)
  region size 1024K, 17 young (17408K), 2 survivors (2048K)
 Metaspace       used 125349K, committed 126208K, reserved 1179648K
  class space    used 17374K, committed 17792K, reserved 1048576K
}
Event: 711.231 GC heap after
{Heap after GC invocations=69 (full 0):
 garbage-first heap   total 318464K, used 133408K [0x0000000080000000, 0x0000000100000000)
  region size 1024K, 3 young (3072K), 3 survivors (3072K)
 Metaspace       used 125349K, committed 126208K, reserved 1179648K
  class space    used 17374K, committed 17792K, reserved 1048576K
}
Event: 1797.984 GC heap before
{Heap before GC invocations=70 (full 0):
 garbage-first heap   total 318464K, used 280864K [0x0000000080000000, 0x0000000100000000)
  region size 1024K, 127 young (130048K), 3 survivors (3072K)
 Metaspace       used 126242K, committed 127168K, reserved 1179648K
  class space    used 17454K, committed 17920K, reserved 1048576K
}
Event: 1797.994 GC heap after
{Heap after GC invocations=71 (full 0):
 garbage-first heap   total 318464K, used 143189K [0x0000000080000000, 0x0000000100000000)
  region size 1024K, 13 young (13312K), 13 survivors (13312K)
 Metaspace       used 126242K, committed 127168K, reserved 1179648K
  class space    used 17454K, committed 17920K, reserved 1048576K
}
Event: 1798.010 GC heap before
{Heap before GC invocations=71 (full 0):
 garbage-first heap   total 318464K, used 145237K [0x0000000080000000, 0x0000000100000000)
  region size 1024K, 15 young (15360K), 13 survivors (13312K)
 Metaspace       used 126245K, committed 127168K, reserved 1179648K
  class space    used 17454K, committed 17920K, reserved 1048576K
}
Event: 1798.019 GC heap after
{Heap after GC invocations=72 (full 0):
 garbage-first heap   total 318464K, used 142497K [0x0000000080000000, 0x0000000100000000)
  region size 1024K, 2 young (2048K), 2 survivors (2048K)
 Metaspace       used 126245K, committed 127168K, reserved 1179648K
  class space    used 17454K, committed 17920K, reserved 1048576K
}
Event: 1801.992 GC heap before
{Heap before GC invocations=72 (full 0):
 garbage-first heap   total 318464K, used 170145K [0x0000000080000000, 0x0000000100000000)
  region size 1024K, 31 young (31744K), 2 survivors (2048K)
 Metaspace       used 126636K, committed 127616K, reserved 1179648K
  class space    used 17456K, committed 17920K, reserved 1048576K
}
Event: 1801.995 GC heap after
{Heap after GC invocations=73 (full 0):
 garbage-first heap   total 318464K, used 142314K [0x0000000080000000, 0x0000000100000000)
  region size 1024K, 2 young (2048K), 2 survivors (2048K)
 Metaspace       used 126636K, committed 127616K, reserved 1179648K
  class space    used 17456K, committed 17920K, reserved 1048576K
}
Event: 2562.776 GC heap before
{Heap before GC invocations=74 (full 0):
 garbage-first heap   total 318464K, used 281578K [0x0000000080000000, 0x0000000100000000)
  region size 1024K, 117 young (119808K), 2 survivors (2048K)
 Metaspace       used 127128K, committed 128128K, reserved 1179648K
  class space    used 17503K, committed 17984K, reserved 1048576K
}
Event: 2562.778 GC heap after
{Heap after GC invocations=75 (full 0):
 garbage-first heap   total 318464K, used 141958K [0x0000000080000000, 0x0000000100000000)
  region size 1024K, 2 young (2048K), 2 survivors (2048K)
 Metaspace       used 127128K, committed 128128K, reserved 1179648K
  class space    used 17503K, committed 17984K, reserved 1048576K
}
Event: 2562.870 GC heap before
{Heap before GC invocations=75 (full 0):
 garbage-first heap   total 318464K, used 154246K [0x0000000080000000, 0x0000000100000000)
  region size 1024K, 15 young (15360K), 2 survivors (2048K)
 Metaspace       used 127140K, committed 128192K, reserved 1179648K
  class space    used 17503K, committed 17984K, reserved 1048576K
}
Event: 2562.872 GC heap after
{Heap after GC invocations=76 (full 0):
 garbage-first heap   total 318464K, used 137487K [0x0000000080000000, 0x0000000100000000)
  region size 1024K, 2 young (2048K), 2 survivors (2048K)
 Metaspace       used 127140K, committed 128192K, reserved 1179648K
  class space    used 17503K, committed 17984K, reserved 1048576K
}
Event: 2566.821 GC heap before
{Heap before GC invocations=76 (full 0):
 garbage-first heap   total 318464K, used 248079K [0x0000000080000000, 0x0000000100000000)
  region size 1024K, 112 young (114688K), 2 survivors (2048K)
 Metaspace       used 127620K, committed 128640K, reserved 1179648K
  class space    used 17508K, committed 17984K, reserved 1048576K
}

